[    1050ms] [INFO] %cDownload the React DevTools for a better development experience: https://react.dev/link/react-devtools font-weight:bold @ http://localhost:3002/_next/static/chunks/4798a_next_dist_4b8eeedc._.js:2297
[    1116ms] [ERROR] Failed to load resource: the server responded with a status of 404 (Not Found) @ http://localhost:3002/api/image-proxy?url=https%3A%2F%2Fblogthumb.pstatic.net%2FMjAyNjA1MDVfMjk1%2FMDAxNzc3OTM5MDAyNTQ2.VJ87yWY7eefql9_sGeoeqPAuvMqzniOo4XnZ5LKuHIcg.IwYRnO9MFH8j97f1fPy7L6t2TKQYr78xksCjiu8zUeIg.PNG%2Fimage.png%3Ftype%3Ds3:0
[    1124ms] [LOG] [HMR] connected @ http://localhost:3002/_next/static/chunks/4798a_next_dist_4b8eeedc._.js:2297
[    6058ms] [INFO] %cDownload the React DevTools for a better development experience: https://react.dev/link/react-devtools font-weight:bold @ http://localhost:3004/_next/static/chunks/50cd2_next_dist_616ca610._.js:2297
[    6115ms] [LOG] [HMR] connected @ http://localhost:3004/_next/static/chunks/50cd2_next_dist_616ca610._.js:2297
[   10922ms] [INFO] %cDownload the React DevTools for a better development experience: https://react.dev/link/react-devtools font-weight:bold @ http://localhost:3002/_next/static/chunks/4798a_next_dist_4b8eeedc._.js:2297
[   10944ms] [LOG] [HMR] connected @ http://localhost:3002/_next/static/chunks/4798a_next_dist_4b8eeedc._.js:2297
[   11042ms] Error: Hydration failed because the server rendered HTML didn't match the client. As a result this tree will be regenerated on the client. This can happen if a SSR-ed Client Component used:

- A server/client branch `if (typeof window !== 'undefined')`.
- Variable input such as `Date.now()` or `Math.random()` which changes each time it's called.
- Date formatting in a user's locale which doesn't match the server.
- External changing data without sending a snapshot of it along with the HTML.
- Invalid HTML tag nesting.

It can also happen if the client has a browser extension installed which messes with the HTML before React loaded.

https://react.dev/link/hydration-mismatch

  ...
    <HotReload globalError={[...]} webSocket={WebSocket} staticIndicatorState={{pathname:null, ...}}>
      <AppDevOverlayErrorBoundary globalError={[...]}>
        <ReplaySsrOnlyErrors>
        <DevRootHTTPAccessFallbackBoundary>
          <HTTPAccessFallbackBoundary notFound={<NotAllowedRootHTTPFallbackError>}>
            <HTTPAccessFallbackErrorBoundary pathname="/" notFound={<NotAllowedRootHTTPFallbackError>} ...>
              <RedirectBoundary>
                <RedirectErrorBoundary router={{...}}>
                  <Head>
                  <__next_root_layout_boundary__>
                    <SegmentViewNode type="layout" pagePath="/apps/blog...">
                      <SegmentTrieNode>
                      <link>
                      <script>
                      <script>
                      <RootLayout>
                        <html lang="ko">
                          <body className="geist_a715...">
                            <div className="flex flex-...">
                              <header>
                              <div className="flex flex-...">
+                               <aside
+                                 className="hidden md:block w-64 border-r border-gray-200 dark:border-gray-800 h-full..."
+                               >
-                               <nav className="p-4 space-y-1">
                                ...
                  ...

    at throwOnHydrationMismatch (http://localhost:3002/_next/static/chunks/4798a_next_dist_compiled_react-dom_7568e55b._.js:3348:56)
    at beginWork (http://localhost:3002/_next/static/chunks/4798a_next_dist_compiled_react-dom_7568e55b._.js:6775:918)
    at replayBeginWork (http://localhost:3002/_next/static/chunks/4798a_next_dist_compiled_react-dom_7568e55b._.js:9585:156)
    at runWithFiberInDEV (http://localhost:3002/_next/static/chunks/4798a_next_dist_compiled_react-dom_7568e55b._.js:965:74)
    at replaySuspendedUnitOfWork (http://localhost:3002/_next/static/chunks/4798a_next_dist_compiled_react-dom_7568e55b._.js:9567:20)
    at renderRootConcurrent (http://localhost:3002/_next/static/chunks/4798a_next_dist_compiled_react-dom_7568e55b._.js:9500:141)
    at performWorkOnRoot (http://localhost:3002/_next/static/chunks/4798a_next_dist_compiled_react-dom_7568e55b._.js:9068:150)
    at performWorkOnRootViaSchedulerTask (http://localhost:3002/_next/static/chunks/4798a_next_dist_compiled_react-dom_7568e55b._.js:10230:9)
    at MessagePort.performWorkUntilDeadline (http://localhost:3002/_next/static/chunks/4798a_next_dist_compiled_3892bed8._.js:2647:64)
[   11040ms] [ERROR] Failed to load resource: the server responded with a status of 404 (Not Found) @ http://localhost:3002/api/image-proxy?url=https%3A%2F%2Fblogthumb.pstatic.net%2FMjAyNjA1MDVfMjk1%2FMDAxNzc3OTM5MDAyNTQ2.VJ87yWY7eefql9_sGeoeqPAuvMqzniOo4XnZ5LKuHIcg.IwYRnO9MFH8j97f1fPy7L6t2TKQYr78xksCjiu8zUeIg.PNG%2Fimage.png%3Ftype%3Ds3:0
