[     147ms] [INFO] %cDownload the React DevTools for a better development experience: https://react.dev/link/react-devtools font-weight:bold @ http://localhost:3004/_next/static/chunks/50cd2_next_dist_616ca610._.js:2297
[     215ms] [LOG] [HMR] connected @ http://localhost:3004/_next/static/chunks/50cd2_next_dist_616ca610._.js:2297
[     244ms] [ERROR] Failed to load resource: the server responded with a status of 404 (Not Found) @ http://localhost:3004/favicon.ico:0
[  120164ms] Error: node not found: industry-d0cbfcaf-9a32-4cf4-b1db-d27ed4b5a915
    at find (http://localhost:3004/_next/static/chunks/_93659c37._.js:21177:22)
    at initialize (http://localhost:3004/_next/static/chunks/_93659c37._.js:21211:64)
    at force.initialize (http://localhost:3004/_next/static/chunks/_93659c37._.js:21236:9)
    at initializeForce (http://localhost:3004/_next/static/chunks/_93659c37._.js:21814:37)
    at Object.force (http://localhost:3004/_next/static/chunks/_93659c37._.js:21848:95)
    at computeLayout (http://localhost:3004/_next/static/chunks/apps_company-map_src_53ec5b6f._.js:427:485)
    at MapGraph.useMemo (http://localhost:3004/_next/static/chunks/apps_company-map_src_53ec5b6f._.js:834:208)
    at updateMemo (http://localhost:3004/_next/static/chunks/50cd2_next_dist_compiled_react-dom_e85c1f16._.js:5444:21)
    at Object.useMemo (http://localhost:3004/_next/static/chunks/50cd2_next_dist_compiled_react-dom_e85c1f16._.js:15255:24)
    at exports.useMemo (http://localhost:3004/_next/static/chunks/50cd2_next_dist_compiled_e0282fe1._.js:1742:36)
    at MapGraph (http://localhost:3004/_next/static/chunks/apps_company-map_src_53ec5b6f._.js:706:229)
    at Object.react_stack_bottom_frame (http://localhost:3004/_next/static/chunks/50cd2_next_dist_compiled_react-dom_e85c1f16._.js:14826:24)
    at renderWithHooks (http://localhost:3004/_next/static/chunks/50cd2_next_dist_compiled_react-dom_e85c1f16._.js:4651:24)
    at updateFunctionComponent (http://localhost:3004/_next/static/chunks/50cd2_next_dist_compiled_react-dom_e85c1f16._.js:6112:21)
    at beginWork (http://localhost:3004/_next/static/chunks/50cd2_next_dist_compiled_react-dom_e85c1f16._.js:6708:24)
    at runWithFiberInDEV (http://localhost:3004/_next/static/chunks/50cd2_next_dist_compiled_react-dom_e85c1f16._.js:965:74)
    at performUnitOfWork (http://localhost:3004/_next/static/chunks/50cd2_next_dist_compiled_react-dom_e85c1f16._.js:9562:97)
    at workLoopSync (http://localhost:3004/_next/static/chunks/50cd2_next_dist_compiled_react-dom_e85c1f16._.js:9456:40)
    at renderRootSync (http://localhost:3004/_next/static/chunks/50cd2_next_dist_compiled_react-dom_e85c1f16._.js:9440:13)
    at performWorkOnRoot (http://localhost:3004/_next/static/chunks/50cd2_next_dist_compiled_react-dom_e85c1f16._.js:9105:47)
    at performWorkOnRootViaSchedulerTask (http://localhost:3004/_next/static/chunks/50cd2_next_dist_compiled_react-dom_e85c1f16._.js:10230:9)
    at MessagePort.performWorkUntilDeadline (http://localhost:3004/_next/static/chunks/50cd2_next_dist_compiled_e0282fe1._.js:2647:64)
