[     345ms] [INFO] %cDownload the React DevTools for a better development experience: https://react.dev/link/react-devtools font-weight:bold @ http://localhost:3004/_next/static/chunks/50cd2_next_dist_616ca610._.js:2297
[     369ms] [LOG] [HMR] connected @ http://localhost:3004/_next/static/chunks/50cd2_next_dist_616ca610._.js:2297
[     391ms] [WARNING] The width(-1) and height(-1) of chart should be greater than 0,
       please check the style of container, or the props width(100%) and height(100%),
       or add a minWidth(0) or minHeight(undefined) or use aspect(undefined) to control the
       height and width. @ http://localhost:3004/_next/static/chunks/50cd2_next_dist_616ca610._.js:2297
[     391ms] [WARNING] The width(-1) and height(-1) of chart should be greater than 0,
       please check the style of container, or the props width(100%) and height(100%),
       or add a minWidth(0) or minHeight(undefined) or use aspect(undefined) to control the
       height and width. @ http://localhost:3004/_next/static/chunks/50cd2_next_dist_616ca610._.js:2297
[29774062ms] [LOG] [Fast Refresh] rebuilding @ http://localhost:3004/_next/static/chunks/50cd2_next_dist_616ca610._.js:2297
[29774256ms] ReferenceError: prevYearYm is not defined
    at eval (http://localhost:3004/_next/static/chunks/apps_company-map_src_bd692faf._.js?id=%255Bproject%255D%252Fapps%252Fcompany-map%252Fsrc%252Fapp%252Ftrade%252FTradeClient.tsx+%255Bapp-client%255D+%2528ecmascript%2529:243:38)
    at Array.map (<anonymous>)
    at TradeClient (http://localhost:3004/_next/static/chunks/apps_company-map_src_bd692faf._.js?id=%255Bproject%255D%252Fapps%252Fcompany-map%252Fsrc%252Fapp%252Ftrade%252FTradeClient.tsx+%255Bapp-client%255D+%2528ecmascript%2529:242:38)
    at Object.react_stack_bottom_frame (http://localhost:3004/_next/static/chunks/50cd2_next_dist_compiled_react-dom_e85c1f16._.js:14826:24)
    at renderWithHooks (http://localhost:3004/_next/static/chunks/50cd2_next_dist_compiled_react-dom_e85c1f16._.js:4651:24)
    at updateFunctionComponent (http://localhost:3004/_next/static/chunks/50cd2_next_dist_compiled_react-dom_e85c1f16._.js:6112:21)
    at beginWork (http://localhost:3004/_next/static/chunks/50cd2_next_dist_compiled_react-dom_e85c1f16._.js:6708:24)
    at runWithFiberInDEV (http://localhost:3004/_next/static/chunks/50cd2_next_dist_compiled_react-dom_e85c1f16._.js:965:74)
    at performUnitOfWork (http://localhost:3004/_next/static/chunks/50cd2_next_dist_compiled_react-dom_e85c1f16._.js:9562:97)
    at workLoopSync (http://localhost:3004/_next/static/chunks/50cd2_next_dist_compiled_react-dom_e85c1f16._.js:9456:40)
    at renderRootSync (http://localhost:3004/_next/static/chunks/50cd2_next_dist_compiled_react-dom_e85c1f16._.js:9440:13)
    at performWorkOnRoot (http://localhost:3004/_next/static/chunks/50cd2_next_dist_compiled_react-dom_e85c1f16._.js:9105:47)
    at performSyncWorkOnRoot (http://localhost:3004/_next/static/chunks/50cd2_next_dist_compiled_react-dom_e85c1f16._.js:10238:9)
    at flushSyncWorkAcrossRoots_impl (http://localhost:3004/_next/static/chunks/50cd2_next_dist_compiled_react-dom_e85c1f16._.js:10154:316)
    at flushSyncWork$1 (http://localhost:3004/_next/static/chunks/50cd2_next_dist_compiled_react-dom_e85c1f16._.js:9237:86)
    at Object.scheduleRefresh (http://localhost:3004/_next/static/chunks/50cd2_next_dist_compiled_react-dom_e85c1f16._.js:299:13)
    at http://localhost:3004/_next/static/chunks/50cd2_next_dist_compiled_e0282fe1._.js:391:33
    at Set.forEach (<anonymous>)
    at Object.performReactRefresh (http://localhost:3004/_next/static/chunks/50cd2_next_dist_compiled_e0282fe1._.js:384:38)
    at applyUpdate (http://localhost:3004/_next/static/chunks/50cd2_next_dist_compiled_e0282fe1._.js:878:31)
    at http://localhost:3004/_next/static/chunks/50cd2_next_dist_compiled_e0282fe1._.js:886:13
[29774262ms] [LOG] [Fast Refresh] done in 70ms @ http://localhost:3004/_next/static/chunks/50cd2_next_dist_616ca610._.js:2297
[29782115ms] [LOG] [Fast Refresh] rebuilding @ http://localhost:3004/_next/static/chunks/50cd2_next_dist_616ca610._.js:2297
[29782118ms] [WARNING] [Fast Refresh] performing full reload because your application had an unrecoverable error @ http://localhost:3004/_next/static/chunks/50cd2_next_dist_616ca610._.js:2297
[29782145ms] [WARNING] The width(-1) and height(-1) of chart should be greater than 0,
       please check the style of container, or the props width(100%) and height(100%),
       or add a minWidth(0) or minHeight(undefined) or use aspect(undefined) to control the
       height and width. @ http://localhost:3004/_next/static/chunks/50cd2_next_dist_616ca610._.js:2297
[29782145ms] [WARNING] The width(-1) and height(-1) of chart should be greater than 0,
       please check the style of container, or the props width(100%) and height(100%),
       or add a minWidth(0) or minHeight(undefined) or use aspect(undefined) to control the
       height and width. @ http://localhost:3004/_next/static/chunks/50cd2_next_dist_616ca610._.js:2297
[29782189ms] [LOG] [Fast Refresh] done in 37ms @ http://localhost:3004/_next/static/chunks/50cd2_next_dist_616ca610._.js:2297
[29783213ms] [INFO] %cDownload the React DevTools for a better development experience: https://react.dev/link/react-devtools font-weight:bold @ http://localhost:3004/_next/static/chunks/50cd2_next_dist_616ca610._.js:2297
[29783254ms] [LOG] [HMR] connected @ http://localhost:3004/_next/static/chunks/50cd2_next_dist_616ca610._.js:2297
[29783282ms] [WARNING] The width(-1) and height(-1) of chart should be greater than 0,
       please check the style of container, or the props width(100%) and height(100%),
       or add a minWidth(0) or minHeight(undefined) or use aspect(undefined) to control the
       height and width. @ http://localhost:3004/_next/static/chunks/50cd2_next_dist_616ca610._.js:2297
[29783282ms] [WARNING] The width(-1) and height(-1) of chart should be greater than 0,
       please check the style of container, or the props width(100%) and height(100%),
       or add a minWidth(0) or minHeight(undefined) or use aspect(undefined) to control the
       height and width. @ http://localhost:3004/_next/static/chunks/50cd2_next_dist_616ca610._.js:2297
[29794168ms] [LOG] [Fast Refresh] rebuilding @ http://localhost:3004/_next/static/chunks/50cd2_next_dist_616ca610._.js:2297
[29794281ms] [LOG] [Fast Refresh] done in 27ms @ http://localhost:3004/_next/static/chunks/50cd2_next_dist_616ca610._.js:2297
